<?xml version="1.0" encoding="UTF-8"?>
<!-- Generated by org.testng.reporters.JUnitXMLReporter -->
<testsuite hostname="RASHHAD-PC" name="Ansari" tests="19" failures="3" timestamp="9 Jun 2016 19:20:37 GMT" time="57.02" errors="0">
  <testcase name="DDT" time="21.064" classname="TestNG.DDT_2DA">
    <failure type="java.lang.AssertionError" message="user is able to login sucessfully expected [true] but found [false]">
      <![CDATA[java.lang.AssertionError: user is able to login sucessfully expected [true] but found [false]
	at TestNG.DDT_2DA.DDT(DDT_2DA.java:28)
... Removed 27 stack frames]]>
    </failure>
  </testcase> <!-- DDT -->
  <testcase name="DDT" time="17.311" classname="TestNG.DDT_2DA">
    <failure type="java.lang.AssertionError" message="user is able to login sucessfully expected [true] but found [false]">
      <![CDATA[java.lang.AssertionError: user is able to login sucessfully expected [true] but found [false]
	at TestNG.DDT_2DA.DDT(DDT_2DA.java:28)
... Removed 27 stack frames]]>
    </failure>
  </testcase> <!-- DDT -->
  <testcase name="DDT" time="18.395" classname="TestNG.DDT_2DA">
    <failure type="java.lang.AssertionError" message="user is able to login sucessfully expected [true] but found [false]">
      <![CDATA[java.lang.AssertionError: user is able to login sucessfully expected [true] but found [false]
	at TestNG.DDT_2DA.DDT(DDT_2DA.java:28)
... Removed 27 stack frames]]>
    </failure>
  </testcase> <!-- DDT -->
  <testcase name="APlan" time="0.002" classname="TestNG2.TestNG_ANNOTATIONS"/>
  <testcase name="BPlan" time="0.002" classname="TestNG2.TestNG_ANNOTATIONS"/>
  <testcase name="APlan" time="0.004" classname="TestNG.TestNG_ANNOTATIONS"/>
  <testcase name="BPlan" time="0.002" classname="TestNG.TestNG_ANNOTATIONS"/>
  <testcase name="MethodB" time="0.001" classname="TestNG2.Dependency"/>
  <testcase name="MethodD" time="0.044" classname="TestNG2.Dependency"/>
  <testcase name="TestA" time="0.003" classname="TestNG.TestNGSample"/>
  <testcase name="TestB" time="0.003" classname="TestNG.TestNGSample"/>
  <testcase name="TestC" time="0.001" classname="TestNG.TestNGSample"/>
  <testcase name="MethodA" time="0.001" classname="TestNG2.Dependency"/>
  <testcase name="MethodB" time="0.002" classname="TestNG.Dependency"/>
  <testcase name="MethodD" time="0.003" classname="TestNG.Dependency"/>
  <testcase name="MethodA" time="0.003" classname="TestNG.Dependency"/>
  <testcase name="TestC" time="0.002" classname="TestNG2.TestNGSample"/>
  <testcase name="TestB" time="0.006" classname="TestNG2.TestNGSample"/>
  <testcase name="TestA" time="0.002" classname="TestNG2.TestNGSample"/>
</testsuite> <!-- Ansari -->
