<?xml version="1.0" encoding="UTF-8"?>
<testng-results skipped="0" failed="0" total="1" passed="1">
  <reporter-output>
  </reporter-output>
  <suite name="Default suite" duration-ms="15415" started-at="2017-03-28T07:04:21Z" finished-at="2017-03-28T07:04:37Z">
    <groups>
    </groups>
    <test name="Default test" duration-ms="15415" started-at="2017-03-28T07:04:21Z" finished-at="2017-03-28T07:04:37Z">
      <class name="MyPractice.DragandDropwithHold">
        <test-method status="PASS" signature="DragandDrop2()[pri:0, instance:MyPractice.DragandDropwithHold@16c48ac]" name="DragandDrop2" duration-ms="15375" started-at="2017-03-28T12:34:21Z" finished-at="2017-03-28T12:34:37Z">
          <reporter-output>
          </reporter-output>
        </test-method> <!-- DragandDrop2 -->
      </class> <!-- MyPractice.DragandDropwithHold -->
    </test> <!-- Default test -->
  </suite> <!-- Default suite -->
</testng-results>
